# JRE version: Java(TM) SE Runtime Environment (17.0.12+8) (build 17.0.12+8-LTS-286)
# Java VM: Java HotSpot(TM) 64-Bit Server VM (17.0.12+8-LTS-286, mixed mode, sharing, tiered, compressed oops, compressed class ptrs, g1 gc, windows-amd64)
GC Precious Log:
 CPUs: 4 total, 4 available
 Memory: 3960M
 Large Page Support: Disabled
 NUMA Support: Disabled
 Compressed Oops: Enabled (32-bit)
 Heap Region Size: 1M
 Heap Min Capacity: 8M
 Heap Initial Capacity: 62M
 Heap Max Capacity: 992M
 Pre-touch: Disabled
 Parallel Workers: 4
 Concurrent Workers: 1
 Concurrent Refinement Workers: 4
 Periodic GC: Disabled
Heap:
 garbage-first heap   total 61440K, used 22368K [0x00000000c2000000, 0x0000000100000000)
  region size 1024K, 7 young (7168K), 2 survivors (2048K)
 Metaspace       used 27814K, committed 28224K, reserved 1114112K
  class space    used 3415K, committed 3648K, reserved 1048576K
GC Heap History (12 events):
Event: 0.869 GC heap before
{Heap before GC invocations=0 (full 0):
 garbage-first heap   total 63488K, used 13312K [0x00000000c2000000, 0x0000000100000000)
  region size 1024K, 13 young (13312K), 0 survivors (0K)
 Metaspace       used 3011K, committed 3136K, reserved 1114112K
  class space    used 307K, committed 384K, reserved 1048576K
}
Event: 0.878 GC heap after
{Heap after GC invocations=1 (full 0):
 garbage-first heap   total 63488K, used 6320K [0x00000000c2000000, 0x0000000100000000)
  region size 1024K, 2 young (2048K), 2 survivors (2048K)
 Metaspace       used 3011K, committed 3136K, reserved 1114112K
  class space    used 307K, committed 384K, reserved 1048576K
}
Event: 1.481 GC heap before
{Heap before GC invocations=1 (full 0):
 garbage-first heap   total 63488K, used 13488K [0x00000000c2000000, 0x0000000100000000)
  region size 1024K, 10 young (10240K), 2 survivors (2048K)
 Metaspace       used 6059K, committed 6208K, reserved 1114112K
  class space    used 664K, committed 768K, reserved 1048576K
}
Event: 1.488 GC heap after
{Heap after GC invocations=2 (full 0):
 garbage-first heap   total 63488K, used 7428K [0x00000000c2000000, 0x0000000100000000)
  region size 1024K, 1 young (1024K), 1 survivors (1024K)
 Metaspace       used 6059K, committed 6208K, reserved 1114112K
  class space    used 664K, committed 768K, reserved 1048576K
}
Event: 2.693 GC heap before
{Heap before GC invocations=2 (full 0):
 garbage-first heap   total 63488K, used 25860K [0x00000000c2000000, 0x0000000100000000)
  region size 1024K, 20 young (20480K), 1 survivors (1024K)
 Metaspace       used 10780K, committed 11072K, reserved 1114112K
  class space    used 1246K, committed 1408K, reserved 1048576K
}
Event: 2.697 GC heap after
{Heap after GC invocations=3 (full 0):
 garbage-first heap   total 63488K, used 8370K [0x00000000c2000000, 0x0000000100000000)
  region size 1024K, 2 young (2048K), 2 survivors (2048K)
 Metaspace       used 10780K, committed 11072K, reserved 1114112K
  class space    used 1246K, committed 1408K, reserved 1048576K
}
Event: 3.572 GC heap before
{Heap before GC invocations=3 (full 0):
 garbage-first heap   total 63488K, used 41138K [0x00000000c2000000, 0x0000000100000000)
  region size 1024K, 35 young (35840K), 2 survivors (2048K)
 Metaspace       used 18624K, committed 18944K, reserved 1114112K
  class space    used 2090K, committed 2240K, reserved 1048576K
}
Event: 3.582 GC heap after
{Heap after GC invocations=4 (full 0):
 garbage-first heap   total 63488K, used 12365K [0x00000000c2000000, 0x0000000100000000)
  region size 1024K, 5 young (5120K), 5 survivors (5120K)
 Metaspace       used 18624K, committed 18944K, reserved 1114112K
  class space    used 2090K, committed 2240K, reserved 1048576K
}
Event: 4.227 GC heap before
{Heap before GC invocations=4 (full 0):
 garbage-first heap   total 63488K, used 31821K [0x00000000c2000000, 0x0000000100000000)
  region size 1024K, 25 young (25600K), 5 survivors (5120K)
 Metaspace       used 21268K, committed 21504K, reserved 1114112K
  class space    used 2413K, committed 2496K, reserved 1048576K
}
Event: 4.242 GC heap after
{Heap after GC invocations=5 (full 0):
 garbage-first heap   total 63488K, used 16210K [0x00000000c2000000, 0x0000000100000000)
  region size 1024K, 4 young (4096K), 4 survivors (4096K)
 Metaspace       used 21268K, committed 21504K, reserved 1114112K
  class space    used 2413K, committed 2496K, reserved 1048576K
}
Event: 40.261 GC heap before
{Heap before GC invocations=6 (full 0):
 garbage-first heap   total 61440K, used 40786K [0x00000000c2000000, 0x0000000100000000)
  region size 1024K, 28 young (28672K), 4 survivors (4096K)
 Metaspace       used 27526K, committed 27904K, reserved 1114112K
  class space    used 3398K, committed 3584K, reserved 1048576K
}
Event: 40.280 GC heap after
{Heap after GC invocations=7 (full 0):
 garbage-first heap   total 61440K, used 18272K [0x00000000c2000000, 0x0000000100000000)
  region size 1024K, 2 young (2048K), 2 survivors (2048K)
 Metaspace       used 27526K, committed 27904K, reserved 1114112K
  class space    used 3398K, committed 3584K, reserved 1048576K
}

