# JRE version: OpenJDK Runtime Environment Temurin-21.0.4+7 (21.0.4+7) (build 21.0.4+7-LTS)
# Java VM: OpenJDK 64-Bit Server VM Temurin-21.0.4+7 (21.0.4+7-LTS, mixed mode, tiered, compressed oops, compressed class ptrs, g1 gc, windows-amd64)
GC Precious Log:
 CardTable entry size: 512
 Card Set container configuration: InlinePtr #cards 5 size 8 Array Of Cards #cards 12 size 40 Howl #buckets 4 coarsen threshold 1843 Howl Bitmap #cards 512 size 80 coarsen threshold 460 Card regions per heap region 1 cards per card region 2048
 CPUs: 4 total, 4 available
 Memory: 3960M
 Large Page Support: Disabled
 NUMA Support: Disabled
 Compressed Oops: Enabled (32-bit)
 Heap Region Size: 1M
 Heap Min Capacity: 8M
 Heap Initial Capacity: 62M
 Heap Max Capacity: 992M
 Pre-touch: Disabled
 Parallel Workers: 4
 Concurrent Workers: 1
 Concurrent Refinement Workers: 4
 Periodic GC: Disabled
Heap:
 garbage-first heap   total 30720K, used 20060K [0x00000000c2000000, 0x0000000100000000)
  region size 1024K, 6 young (6144K), 2 survivors (2048K)
 Metaspace       used 38516K, committed 39040K, reserved 1114112K
  class space    used 4314K, committed 4544K, reserved 1048576K
GC Heap History (18 events):
Event: 5.415 GC heap before
{Heap before GC invocations=0 (full 0):
 garbage-first heap   total 63488K, used 14336K [0x00000000c2000000, 0x0000000100000000)
  region size 1024K, 13 young (13312K), 0 survivors (0K)
 Metaspace       used 13126K, committed 13248K, reserved 1114112K
  class space    used 1224K, committed 1280K, reserved 1048576K
}
Event: 5.437 GC heap after
{Heap after GC invocations=1 (full 0):
 garbage-first heap   total 63488K, used 5494K [0x00000000c2000000, 0x0000000100000000)
  region size 1024K, 2 young (2048K), 2 survivors (2048K)
 Metaspace       used 13126K, committed 13248K, reserved 1114112K
  class space    used 1224K, committed 1280K, reserved 1048576K
}
Event: 6.324 GC heap before
{Heap before GC invocations=1 (full 0):
 garbage-first heap   total 63488K, used 18806K [0x00000000c2000000, 0x0000000100000000)
  region size 1024K, 16 young (16384K), 2 survivors (2048K)
 Metaspace       used 17743K, committed 17920K, reserved 1114112K
  class space    used 1704K, committed 1792K, reserved 1048576K
}
Event: 6.330 GC heap after
{Heap after GC invocations=2 (full 0):
 garbage-first heap   total 63488K, used 7274K [0x00000000c2000000, 0x0000000100000000)
  region size 1024K, 2 young (2048K), 2 survivors (2048K)
 Metaspace       used 17743K, committed 17920K, reserved 1114112K
  class space    used 1704K, committed 1792K, reserved 1048576K
}
Event: 7.095 GC heap before
{Heap before GC invocations=2 (full 0):
 garbage-first heap   total 63488K, used 19562K [0x00000000c2000000, 0x0000000100000000)
  region size 1024K, 15 young (15360K), 2 survivors (2048K)
 Metaspace       used 21172K, committed 21504K, reserved 1114112K
  class space    used 2164K, committed 2304K, reserved 1048576K
}
Event: 7.100 GC heap after
{Heap after GC invocations=3 (full 0):
 garbage-first heap   total 63488K, used 8000K [0x00000000c2000000, 0x0000000100000000)
  region size 1024K, 3 young (3072K), 3 survivors (3072K)
 Metaspace       used 21172K, committed 21504K, reserved 1114112K
  class space    used 2164K, committed 2304K, reserved 1048576K
}
Event: 7.746 GC heap before
{Heap before GC invocations=4 (full 0):
 garbage-first heap   total 30720K, used 22336K [0x00000000c2000000, 0x0000000100000000)
  region size 1024K, 18 young (18432K), 3 survivors (3072K)
 Metaspace       used 25696K, committed 26112K, reserved 1114112K
  class space    used 2621K, committed 2816K, reserved 1048576K
}
Event: 7.751 GC heap after
{Heap after GC invocations=5 (full 0):
 garbage-first heap   total 30720K, used 8943K [0x00000000c2000000, 0x0000000100000000)
  region size 1024K, 2 young (2048K), 2 survivors (2048K)
 Metaspace       used 25696K, committed 26112K, reserved 1114112K
  class space    used 2621K, committed 2816K, reserved 1048576K
}
Event: 8.730 GC heap before
{Heap before GC invocations=5 (full 0):
 garbage-first heap   total 30720K, used 20207K [0x00000000c2000000, 0x0000000100000000)
  region size 1024K, 14 young (14336K), 2 survivors (2048K)
 Metaspace       used 28591K, committed 28992K, reserved 1114112K
  class space    used 2934K, committed 3136K, reserved 1048576K
}
Event: 8.735 GC heap after
{Heap after GC invocations=6 (full 0):
 garbage-first heap   total 30720K, used 10543K [0x00000000c2000000, 0x0000000100000000)
  region size 1024K, 2 young (2048K), 2 survivors (2048K)
 Metaspace       used 28591K, committed 28992K, reserved 1114112K
  class space    used 2934K, committed 3136K, reserved 1048576K
}
Event: 9.293 GC heap before
{Heap before GC invocations=6 (full 0):
 garbage-first heap   total 30720K, used 21807K [0x00000000c2000000, 0x0000000100000000)
  region size 1024K, 14 young (14336K), 2 survivors (2048K)
 Metaspace       used 29217K, committed 29568K, reserved 1114112K
  class space    used 2975K, committed 3136K, reserved 1048576K
}
Event: 9.301 GC heap after
{Heap after GC invocations=7 (full 0):
 garbage-first heap   total 30720K, used 13731K [0x00000000c2000000, 0x0000000100000000)
  region size 1024K, 2 young (2048K), 2 survivors (2048K)
 Metaspace       used 29217K, committed 29568K, reserved 1114112K
  class space    used 2975K, committed 3136K, reserved 1048576K
}
Event: 9.515 GC heap before
{Heap before GC invocations=7 (full 0):
 garbage-first heap   total 30720K, used 23971K [0x00000000c2000000, 0x0000000100000000)
  region size 1024K, 12 young (12288K), 2 survivors (2048K)
 Metaspace       used 29326K, committed 29632K, reserved 1114112K
  class space    used 2991K, committed 3136K, reserved 1048576K
}
Event: 9.520 GC heap after
{Heap after GC invocations=8 (full 0):
 garbage-first heap   total 30720K, used 15897K [0x00000000c2000000, 0x0000000100000000)
  region size 1024K, 2 young (2048K), 2 survivors (2048K)
 Metaspace       used 29326K, committed 29632K, reserved 1114112K
  class space    used 2991K, committed 3136K, reserved 1048576K
}
Event: 13.050 GC heap before
{Heap before GC invocations=8 (full 0):
 garbage-first heap   total 30720K, used 24089K [0x00000000c2000000, 0x0000000100000000)
  region size 1024K, 11 young (11264K), 2 survivors (2048K)
 Metaspace       used 33526K, committed 33984K, reserved 1114112K
  class space    used 3506K, committed 3712K, reserved 1048576K
}
Event: 13.054 GC heap after
{Heap after GC invocations=9 (full 0):
 garbage-first heap   total 30720K, used 16952K [0x00000000c2000000, 0x0000000100000000)
  region size 1024K, 1 young (1024K), 1 survivors (1024K)
 Metaspace       used 33526K, committed 33984K, reserved 1114112K
  class space    used 3506K, committed 3712K, reserved 1048576K
}
Event: 14.837 GC heap before
{Heap before GC invocations=10 (full 0):
 garbage-first heap   total 30720K, used 24120K [0x00000000c2000000, 0x0000000100000000)
  region size 1024K, 9 young (9216K), 1 survivors (1024K)
 Metaspace       used 36014K, committed 36416K, reserved 1114112K
  class space    used 3880K, committed 4032K, reserved 1048576K
}
Event: 14.842 GC heap after
{Heap after GC invocations=11 (full 0):
 garbage-first heap   total 30720K, used 17519K [0x00000000c2000000, 0x0000000100000000)
  region size 1024K, 2 young (2048K), 2 survivors (2048K)
 Metaspace       used 36014K, committed 36416K, reserved 1114112K
  class space    used 3880K, committed 4032K, reserved 1048576K
}

