<?xml version="1.0" encoding="UTF-8"?>
<!-- Generated by org.testng.reporters.JUnitXMLReporter -->
<testsuite ignored="0" hostname="DESKTOP-9HG1TI6" failures="1" tests="1" name="Surefire test" time="9.718" errors="0" timestamp="2025-03-23T21:47:59 IST">
  <testcase classname="io.cucumber.testng.AbstractTestNGCucumberTests" name="runScenario" time="0.575">
    <failure type="java.lang.NullPointerException" message="Cannot invoke &amp;quot;org.openqa.selenium.WebDriver.manage()&amp;quot; because &amp;quot;this.driver&amp;quot; is null">
      <![CDATA[java.lang.NullPointerException: Cannot invoke "org.openqa.selenium.WebDriver.manage()" because "this.driver" is null
at ravinduheshan99.TestComponents.BaseTest.initializeDriver(BaseTest.java:65)
at ravinduheshan99.TestComponents.BaseTest.launchApplication(BaseTest.java:73)
at ravinduheshan99.stepDefinitions.StepDefinitionImpl.I_Landed_on_Ecommerce_Page(StepDefinitionImpl.java:27)
at ✽.I Landed on Ecommerce Page(file:///D:/Documents/Career/My%20Projects/Selenium%20Projects/03-Selenium-Framework-Design/Selenium-Framework-Design-Udemy/src/test/java/cucumber/StandAloneTestModified.feature:6)
]]>
    </failure>
  </testcase> <!-- runScenario -->
</testsuite> <!-- Surefire test -->
