<?xml version="1.0" encoding="UTF-8"?>
<!-- Generated by org.testng.reporters.JUnitXMLReporter -->
<testsuite ignored="0" hostname="DESKTOP-9HG1TI6" failures="0" tests="3" name="Default test" time="32.455" errors="0" timestamp="2025-04-20T17:54:38 IST">
  <testcase classname="ravinduheshan99.tests.StandAloneTestModified" name="placeOrder" time="5.105"/>
  <testcase classname="ravinduheshan99.tests.StandAloneTestModified" name="placeOrder" time="4.793"/>
  <testcase classname="ravinduheshan99.tests.StandAloneTestModified" name="OrderHistoryTest" time="1.183"/>
</testsuite> <!-- Default test -->
