<?xml version="1.0" encoding="UTF-8"?>
<!-- Generated by org.testng.reporters.JUnitXMLReporter -->
<testsuite ignored="0" hostname="DESKTOP-9HG1TI6" failures="0" tests="3" name="Default test" time="39.132" errors="0" timestamp="2025-04-20T17:03:48 IST">
  <testcase classname="ravinduheshan99.tests.StandAloneTestModified" name="placeOrder" time="6.414"/>
  <testcase classname="ravinduheshan99.tests.StandAloneTestModified" name="placeOrder" time="4.876"/>
  <testcase classname="ravinduheshan99.tests.StandAloneTestModified" name="OrderHistoryTest" time="3.531"/>
</testsuite> <!-- Default test -->
