<?xml version="1.0" encoding="UTF-8"?>
<!-- Generated by org.testng.reporters.JUnitXMLReporter -->
<testsuite ignored="1" hostname="DESKTOP-9HG1TI6" failures="0" tests="1" name="ErrorValidations" time="24.319" errors="0" timestamp="2025-01-12T18:50:27 IST">
  <testcase classname="ravinduheshan99.tests.ErrorValidations" name="LoginErrorValidation" time="2.848"/>
  <testcase classname="ravinduheshan99.tests.ErrorValidations" name="ProductErrorValidation" time="0.0">
    <ignored/>
  </testcase> <!-- ProductErrorValidation -->
</testsuite> <!-- ErrorValidations -->
