<?xml version="1.0" encoding="UTF-8"?>
<!-- Generated by org.testng.reporters.JUnitXMLReporter -->
<testsuite ignored="0" hostname="DESKTOP-9HG1TI6" failures="1" tests="3" name="ErrorValidations" time="25.882" errors="0" timestamp="2025-01-13T17:28:04 IST">
  <testcase classname="ravinduheshan99.tests.ErrorValidations" name="LoginErrorValidation" time="5.316">
    <skipped/>
  </testcase> <!-- LoginErrorValidation -->
  <testcase classname="ravinduheshan99.tests.ErrorValidations" name="LoginErrorValidation" time="1.307">
    <failure type="java.lang.AssertionError" message="expected [Incorrect email or password.] but found [Incorrect email password.]">
      <![CDATA[java.lang.AssertionError: expected [Incorrect email or password.] but found [Incorrect email password.]
at ravinduheshan99.tests.ErrorValidations.LoginErrorValidation(ErrorValidations.java:16)
at java.base/java.util.ArrayList.forEach(ArrayList.java:1596)
... Removed 31 stack frames]]>
    </failure>
  </testcase> <!-- LoginErrorValidation -->
  <testcase classname="ravinduheshan99.tests.ErrorValidations" name="ProductErrorValidation" time="4.095"/>
</testsuite> <!-- ErrorValidations -->
