<?xml version="1.0" encoding="UTF-8"?>
<!-- Generated by org.testng.reporters.JUnitXMLReporter -->
<testsuite ignored="1" hostname="DESKTOP-9HG1TI6" failures="0" tests="2" name="StandAloneTestModified" time="54.653" errors="0" timestamp="2025-01-12T19:09:14 IST">
  <testcase classname="ravinduheshan99.tests.StandAloneTestModified" name="placeOrder" time="11.275"/>
  <testcase classname="ravinduheshan99.tests.StandAloneTestModified" name="placeOrder" time="8.284"/>
  <testcase classname="ravinduheshan99.tests.StandAloneTestModified" name="OrderHistoryTest" time="0.0">
    <ignored/>
  </testcase> <!-- OrderHistoryTest -->
</testsuite> <!-- StandAloneTestModified -->
