<?xml version="1.0" encoding="UTF-8"?>
<!-- Generated by org.testng.reporters.JUnitXMLReporter -->
<testsuite ignored="0" hostname="DESKTOP-9HG1TI6" failures="0" tests="2" name="ErrorValidations" time="108.406" errors="0" timestamp="2025-01-13T19:44:47 IST">
  <testcase classname="ravinduheshan99.tests.ErrorValidations" name="LoginErrorValidation" time="3.576"/>
  <testcase classname="ravinduheshan99.tests.ErrorValidations" name="ProductErrorValidation" time="11.249"/>
</testsuite> <!-- ErrorValidations -->
