<?xml version="1.0" encoding="UTF-8"?>
<!-- Generated by org.testng.reporters.JUnitXMLReporter -->
<testsuite ignored="0" hostname="DESKTOP-9HG1TI6" failures="0" tests="2" name="ErrorValidations" time="0.348" errors="0" timestamp="2025-03-23T21:37:14 IST">
  <testcase classname="ravinduheshan99.tests.ErrorValidations" name="LoginErrorValidation" time="0.001">
    <skipped/>
  </testcase> <!-- LoginErrorValidation -->
  <testcase classname="ravinduheshan99.tests.ErrorValidations" name="ProductErrorValidation" time="0.001">
    <skipped/>
  </testcase> <!-- ProductErrorValidation -->
</testsuite> <!-- ErrorValidations -->
