<?xml version="1.0" encoding="UTF-8"?>
<!-- Generated by org.testng.reporters.JUnitXMLReporter -->
<testsuite ignored="0" hostname="DESKTOP-9HG1TI6" failures="1" tests="3" name="StandAloneTestModified" time="59.945" errors="0" timestamp="2025-01-13T17:25:13 IST">
  <testcase classname="ravinduheshan99.tests.StandAloneTestModified" name="placeOrder" time="8.313"/>
  <testcase classname="ravinduheshan99.tests.StandAloneTestModified" name="placeOrder" time="2.434">
    <failure type="org.openqa.selenium.ElementClickInterceptedException" message="Element &amp;lt;button class=&amp;quot;btn btn-custom&amp;quot;&amp;gt; is not clickable at point (1110,27) because another element &amp;lt;div class=&amp;quot;ngx-spinner-overlay ng-tns-c31-1 ng-trigger ng-trigger-fadeIn ng-star-inserted ng-animating&amp;quot;&amp;gt; obscures it
Build info: version: &amp;apos;4.27.0&amp;apos;, revision: &amp;apos;d6e718d134&amp;apos;
System info: os.name: &amp;apos;Windows 10&amp;apos;, os.arch: &amp;apos;amd64&amp;apos;, os.version: &amp;apos;10.0&amp;apos;, java.version: &amp;apos;17.0.12&amp;apos;
Driver info: org.openqa.selenium.firefox.FirefoxDriver
Command: [c7c44d2c-c5c9-49d2-99fb-da848b059704, clickElement {id=24f2ad87-b78d-4024-b6e0-805f0874a5f1}]
Capabilities {acceptInsecureCerts: true, browserName: firefox, browserVersion: 133.0, moz:accessibilityChecks: false, moz:buildID: 20241121140525, moz:debuggerAddress: 127.0.0.1:5332, moz:geckodriverVersion: 0.35.0, moz:headless: false, moz:platformVersion: 10.0, moz:processID: 17404, moz:profile: C:\Users\RAVIND~1\AppData\L..., moz:shutdownTimeout: 60000, moz:webdriverClick: true, moz:windowless: false, pageLoadStrategy: normal, platformName: windows, proxy: Proxy(), se:cdp: ws://127.0.0.1:5332/devtool..., se:cdpVersion: 85.0, setWindowRect: true, strictFileInteractability: false, timeouts: {implicit: 0, pageLoad: 300000, script: 30000}, unhandledPromptBehavior: dismiss and notify, userAgent: Mozilla/5.0 (Windows NT 10....}
Element: [[FirefoxDriver: firefox on windows (c7c44d2c-c5c9-49d2-99fb-da848b059704)] -&amp;gt; css selector: [routerlink*=&amp;apos;cart&amp;apos;]]
Session ID: c7c44d2c-c5c9-49d2-99fb-da848b059704">
      <![CDATA[org.openqa.selenium.ElementClickInterceptedException: Element <button class="btn btn-custom"> is not clickable at point (1110,27) because another element <div class="ngx-spinner-overlay ng-tns-c31-1 ng-trigger ng-trigger-fadeIn ng-star-inserted ng-animating"> obscures it
Build info: version: '4.27.0', revision: 'd6e718d134'
System info: os.name: 'Windows 10', os.arch: 'amd64', os.version: '10.0', java.version: '17.0.12'
Driver info: org.openqa.selenium.firefox.FirefoxDriver
Command: [c7c44d2c-c5c9-49d2-99fb-da848b059704, clickElement {id=24f2ad87-b78d-4024-b6e0-805f0874a5f1}]
Capabilities {acceptInsecureCerts: true, browserName: firefox, browserVersion: 133.0, moz:accessibilityChecks: false, moz:buildID: 20241121140525, moz:debuggerAddress: 127.0.0.1:5332, moz:geckodriverVersion: 0.35.0, moz:headless: false, moz:platformVersion: 10.0, moz:processID: 17404, moz:profile: C:\Users\RAVIND~1\AppData\L..., moz:shutdownTimeout: 60000, moz:webdriverClick: true, moz:windowless: false, pageLoadStrategy: normal, platformName: windows, proxy: Proxy(), se:cdp: ws://127.0.0.1:5332/devtool..., se:cdpVersion: 85.0, setWindowRect: true, strictFileInteractability: false, timeouts: {implicit: 0, pageLoad: 300000, script: 30000}, unhandledPromptBehavior: dismiss and notify, userAgent: Mozilla/5.0 (Windows NT 10....}
Element: [[FirefoxDriver: firefox on windows (c7c44d2c-c5c9-49d2-99fb-da848b059704)] -> css selector: [routerlink*='cart']]
Session ID: c7c44d2c-c5c9-49d2-99fb-da848b059704
at org.openqa.selenium.remote.ErrorCodec.decode(ErrorCodec.java:167)
at org.openqa.selenium.remote.codec.w3c.W3CHttpResponseCodec.decode(W3CHttpResponseCodec.java:138)
at org.openqa.selenium.remote.codec.w3c.W3CHttpResponseCodec.decode(W3CHttpResponseCodec.java:50)
at org.openqa.selenium.remote.HttpCommandExecutor.execute(HttpCommandExecutor.java:190)
at org.openqa.selenium.remote.service.DriverCommandExecutor.invokeExecute(DriverCommandExecutor.java:216)
at org.openqa.selenium.remote.service.DriverCommandExecutor.execute(DriverCommandExecutor.java:174)
at org.openqa.selenium.remote.RemoteWebDriver.execute(RemoteWebDriver.java:545)
at org.openqa.selenium.remote.RemoteWebElement.execute(RemoteWebElement.java:223)
at org.openqa.selenium.remote.RemoteWebElement.click(RemoteWebElement.java:76)
at org.openqa.selenium.support.pagefactory.internal.LocatingElementHandler.invoke(LocatingElementHandler.java:51)
at jdk.proxy2/jdk.proxy2.$Proxy13.click(Unknown Source)
at ravinduheshan99.AbstractComponents.AbstractComponents.goToCartPage(AbstractComponents.java:48)
at ravinduheshan99.tests.StandAloneTestModified.placeOrder(StandAloneTestModified.java:25)
at java.base/java.util.ArrayList.forEach(ArrayList.java:1511)
... Removed 40 stack frames]]>
    </failure>
  </testcase> <!-- placeOrder -->
  <testcase classname="ravinduheshan99.tests.StandAloneTestModified" name="OrderHistoryTest" time="0.0">
    <skipped/>
  </testcase> <!-- OrderHistoryTest -->
</testsuite> <!-- StandAloneTestModified -->
