<?xml version="1.0" encoding="UTF-8"?>
<!-- Generated by org.testng.reporters.JUnitXMLReporter -->
<testsuite ignored="0" hostname="DESKTOP-9HG1TI6" failures="0" tests="3" name="StandAloneTestModified" time="130.482" errors="0" timestamp="2025-01-13T19:45:05 IST">
  <testcase classname="ravinduheshan99.tests.StandAloneTestModified" name="placeOrder" time="10.751"/>
  <testcase classname="ravinduheshan99.tests.StandAloneTestModified" name="placeOrder" time="17.735"/>
  <testcase classname="ravinduheshan99.tests.StandAloneTestModified" name="OrderHistoryTest" time="12.051"/>
</testsuite> <!-- StandAloneTestModified -->
