<?xml version="1.0" encoding="UTF-8"?>
<testng-results ignored="0" total="1" passed="0" failed="1" skipped="0">
  <reporter-output>
  </reporter-output>
  <suite started-at="2025-03-23T21:47:49 IST" name="Surefire suite" finished-at="2025-03-23T21:47:59 IST" duration-ms="9718">
    <groups>
      <group name="cucumber">
        <method signature="AbstractTestNGCucumberTests.runScenario(io.cucumber.testng.PickleWrapper,io.cucumber.testng.FeatureWrapper)[pri:0, instance:cucumber.TestNGTestRunner@6e4784bc]" name="runScenario" class="io.cucumber.testng.AbstractTestNGCucumberTests"/>
      </group> <!-- cucumber -->
    </groups>
    <test started-at="2025-03-23T21:47:49 IST" name="Surefire test" finished-at="2025-03-23T21:47:59 IST" duration-ms="9718">
      <class name="cucumber.TestNGTestRunner">
        <test-method is-config="true" signature="setUpClass(org.testng.ITestContext)[pri:0, instance:cucumber.TestNGTestRunner@6e4784bc]" started-at="2025-03-23T21:47:49 IST" name="setUpClass" finished-at="2025-03-23T21:47:58 IST" duration-ms="8266" status="PASS">
          <params>
            <param index="0">
              <value>
                <![CDATA[org.testng.TestRunner@a77614d]]>
              </value>
            </param>
          </params>
          <reporter-output>
          </reporter-output>
        </test-method> <!-- setUpClass -->
        <test-method signature="runScenario(io.cucumber.testng.PickleWrapper,io.cucumber.testng.FeatureWrapper)[pri:0, instance:cucumber.TestNGTestRunner@6e4784bc]" started-at="2025-03-23T21:47:58 IST" name="runScenario" description="Runs Cucumber Scenarios" data-provider="scenarios" finished-at="2025-03-23T21:47:58 IST" duration-ms="575" status="FAIL">
          <params>
            <param index="0">
              <value>
                <![CDATA["Positive Test of Submitting the order"]]>
              </value>
            </param>
            <param index="1">
              <value>
                <![CDATA["Purchase the Order from Ecommerce Website"]]>
              </value>
            </param>
          </params>
          <exception class="java.lang.NullPointerException">
            <message>
              <![CDATA[Cannot invoke "org.openqa.selenium.WebDriver.manage()" because "this.driver" is null]]>
            </message>
            <full-stacktrace>
              <![CDATA[java.lang.NullPointerException: Cannot invoke "org.openqa.selenium.WebDriver.manage()" because "this.driver" is null
at ravinduheshan99.TestComponents.BaseTest.initializeDriver(BaseTest.java:65)
at ravinduheshan99.TestComponents.BaseTest.launchApplication(BaseTest.java:73)
at ravinduheshan99.stepDefinitions.StepDefinitionImpl.I_Landed_on_Ecommerce_Page(StepDefinitionImpl.java:27)
at ✽.I Landed on Ecommerce Page(file:///D:/Documents/Career/My%20Projects/Selenium%20Projects/03-Selenium-Framework-Design/Selenium-Framework-Design-Udemy/src/test/java/cucumber/StandAloneTestModified.feature:6)
]]>
            </full-stacktrace>
          </exception> <!-- java.lang.NullPointerException -->
          <reporter-output>
          </reporter-output>
        </test-method> <!-- runScenario -->
        <test-method is-config="true" signature="tearDownClass()[pri:0, instance:cucumber.TestNGTestRunner@6e4784bc]" started-at="2025-03-23T21:47:58 IST" name="tearDownClass" finished-at="2025-03-23T21:47:59 IST" duration-ms="99" status="PASS">
          <reporter-output>
          </reporter-output>
        </test-method> <!-- tearDownClass -->
      </class> <!-- cucumber.TestNGTestRunner -->
    </test> <!-- Surefire test -->
  </suite> <!-- Surefire suite -->
</testng-results>
