<?xml version="1.0" encoding="UTF-8"?>
<testng-results ignored="0" total="5" passed="5" failed="0" skipped="0">
  <reporter-output>
  </reporter-output>
  <suite started-at="2025-01-13T19:42:54 IST" name="Suite" finished-at="2025-01-13T19:45:05 IST" duration-ms="130483">
    <groups>
      <group name="ErrorHandling">
        <method signature="ErrorValidations.LoginErrorValidation()[pri:0, instance:ravinduheshan99.tests.ErrorValidations@1be2019a]" name="LoginErrorValidation" class="ravinduheshan99.tests.ErrorValidations"/>
      </group> <!-- ErrorHandling -->
      <group name="Purchase">
        <method signature="StandAloneTestModified.placeOrder(java.util.HashMap)[pri:0, instance:ravinduheshan99.tests.StandAloneTestModified@247310d0]" name="placeOrder" class="ravinduheshan99.tests.StandAloneTestModified"/>
      </group> <!-- Purchase -->
    </groups>
    <test started-at="2025-01-13T19:42:54 IST" name="ErrorValidations" finished-at="2025-01-13T19:44:43 IST" duration-ms="108406">
      <class name="ravinduheshan99.tests.ErrorValidations">
        <test-method is-config="true" signature="launchApplication()[pri:0, instance:ravinduheshan99.tests.ErrorValidations@1be2019a]" started-at="2025-01-13T19:42:54 IST" name="launchApplication" finished-at="2025-01-13T19:43:50 IST" duration-ms="55155" status="PASS">
          <reporter-output>
          </reporter-output>
        </test-method> <!-- launchApplication -->
        <test-method signature="LoginErrorValidation()[pri:0, instance:ravinduheshan99.tests.ErrorValidations@1be2019a]" started-at="2025-01-13T19:43:50 IST" name="LoginErrorValidation" finished-at="2025-01-13T19:43:53 IST" duration-ms="3576" status="PASS">
          <reporter-output>
          </reporter-output>
        </test-method> <!-- LoginErrorValidation -->
        <test-method is-config="true" signature="tearDown()[pri:0, instance:ravinduheshan99.tests.ErrorValidations@1be2019a]" started-at="2025-01-13T19:43:53 IST" name="tearDown" finished-at="2025-01-13T19:44:04 IST" duration-ms="11058" status="PASS">
          <reporter-output>
          </reporter-output>
        </test-method> <!-- tearDown -->
        <test-method is-config="true" signature="launchApplication()[pri:0, instance:ravinduheshan99.tests.ErrorValidations@1be2019a]" started-at="2025-01-13T19:44:05 IST" name="launchApplication" finished-at="2025-01-13T19:44:28 IST" duration-ms="22590" status="PASS">
          <reporter-output>
          </reporter-output>
        </test-method> <!-- launchApplication -->
        <test-method signature="ProductErrorValidation()[pri:0, instance:ravinduheshan99.tests.ErrorValidations@1be2019a]" started-at="2025-01-13T19:44:28 IST" name="ProductErrorValidation" finished-at="2025-01-13T19:44:39 IST" duration-ms="11249" status="PASS">
          <reporter-output>
          </reporter-output>
        </test-method> <!-- ProductErrorValidation -->
        <test-method is-config="true" signature="tearDown()[pri:0, instance:ravinduheshan99.tests.ErrorValidations@1be2019a]" started-at="2025-01-13T19:44:39 IST" name="tearDown" finished-at="2025-01-13T19:44:43 IST" duration-ms="3560" status="PASS">
          <reporter-output>
          </reporter-output>
        </test-method> <!-- tearDown -->
      </class> <!-- ravinduheshan99.tests.ErrorValidations -->
    </test> <!-- ErrorValidations -->
    <test started-at="2025-01-13T19:42:54 IST" name="StandAloneTestModified" finished-at="2025-01-13T19:45:05 IST" duration-ms="130482">
      <class name="ravinduheshan99.tests.StandAloneTestModified">
        <test-method is-config="true" signature="launchApplication()[pri:0, instance:ravinduheshan99.tests.StandAloneTestModified@247310d0]" started-at="2025-01-13T19:42:57 IST" name="launchApplication" finished-at="2025-01-13T19:43:54 IST" duration-ms="57200" status="PASS">
          <reporter-output>
          </reporter-output>
        </test-method> <!-- launchApplication -->
        <test-method signature="placeOrder(java.util.HashMap)[pri:0, instance:ravinduheshan99.tests.StandAloneTestModified@247310d0]" started-at="2025-01-13T19:43:54 IST" name="placeOrder" data-provider="getData" finished-at="2025-01-13T19:44:05 IST" duration-ms="10751" status="PASS">
          <params>
            <param index="0">
              <value>
                <![CDATA[{password=test@123, email=test@gmail.com, productName=ADIDAS ORIGINAL}]]>
              </value>
            </param>
          </params>
          <reporter-output>
          </reporter-output>
        </test-method> <!-- placeOrder -->
        <test-method is-config="true" signature="tearDown()[pri:0, instance:ravinduheshan99.tests.StandAloneTestModified@247310d0]" started-at="2025-01-13T19:44:05 IST" name="tearDown" finished-at="2025-01-13T19:44:07 IST" duration-ms="2279" status="PASS">
          <reporter-output>
          </reporter-output>
        </test-method> <!-- tearDown -->
        <test-method is-config="true" signature="launchApplication()[pri:0, instance:ravinduheshan99.tests.StandAloneTestModified@247310d0]" started-at="2025-01-13T19:44:07 IST" name="launchApplication" finished-at="2025-01-13T19:44:24 IST" duration-ms="16882" status="PASS">
          <reporter-output>
          </reporter-output>
        </test-method> <!-- launchApplication -->
        <test-method signature="placeOrder(java.util.HashMap)[pri:0, instance:ravinduheshan99.tests.StandAloneTestModified@247310d0]" started-at="2025-01-13T19:44:24 IST" name="placeOrder" data-provider="getData" finished-at="2025-01-13T19:44:42 IST" duration-ms="17735" status="PASS">
          <params>
            <param index="0">
              <value>
                <![CDATA[{password=Raviya@123, email=raviya@gmail.com, productName=IPHONE 13 PRO}]]>
              </value>
            </param>
          </params>
          <reporter-output>
          </reporter-output>
        </test-method> <!-- placeOrder -->
        <test-method is-config="true" signature="tearDown()[pri:0, instance:ravinduheshan99.tests.StandAloneTestModified@247310d0]" started-at="2025-01-13T19:44:42 IST" name="tearDown" finished-at="2025-01-13T19:44:43 IST" duration-ms="701" status="PASS">
          <reporter-output>
          </reporter-output>
        </test-method> <!-- tearDown -->
        <test-method is-config="true" signature="launchApplication()[pri:0, instance:ravinduheshan99.tests.StandAloneTestModified@247310d0]" started-at="2025-01-13T19:44:43 IST" name="launchApplication" finished-at="2025-01-13T19:44:51 IST" duration-ms="8585" status="PASS">
          <reporter-output>
          </reporter-output>
        </test-method> <!-- launchApplication -->
        <test-method signature="OrderHistoryTest()[pri:0, instance:ravinduheshan99.tests.StandAloneTestModified@247310d0]" started-at="2025-01-13T19:44:51 IST" name="OrderHistoryTest" finished-at="2025-01-13T19:45:03 IST" depends-on-methods="ravinduheshan99.tests.StandAloneTestModified.placeOrder" duration-ms="12051" status="PASS">
          <reporter-output>
          </reporter-output>
        </test-method> <!-- OrderHistoryTest -->
        <test-method is-config="true" signature="tearDown()[pri:0, instance:ravinduheshan99.tests.StandAloneTestModified@247310d0]" started-at="2025-01-13T19:45:03 IST" name="tearDown" finished-at="2025-01-13T19:45:05 IST" duration-ms="1458" status="PASS">
          <reporter-output>
          </reporter-output>
        </test-method> <!-- tearDown -->
      </class> <!-- ravinduheshan99.tests.StandAloneTestModified -->
    </test> <!-- StandAloneTestModified -->
  </suite> <!-- Suite -->
</testng-results>
