<?xml version="1.0" encoding="UTF-8"?>
<testng-results ignored="0" total="1" passed="1" failed="0" skipped="0">
  <reporter-output>
  </reporter-output>
  <suite started-at="2025-01-12T18:50:03 IST" name="Suite" finished-at="2025-01-12T18:50:27 IST" duration-ms="24319">
    <groups>
      <group name="ErrorHandling">
        <method signature="ErrorValidations.LoginErrorValidation()[pri:0, instance:ravinduheshan99.tests.ErrorValidations@4d0d9fe7]" name="LoginErrorValidation" class="ravinduheshan99.tests.ErrorValidations"/>
      </group> <!-- ErrorHandling -->
    </groups>
    <test started-at="2025-01-12T18:50:03 IST" name="StandAloneTestModified" finished-at="2025-01-12T18:50:03 IST" duration-ms="36">
    </test> <!-- StandAloneTestModified -->
    <test started-at="2025-01-12T18:50:03 IST" name="ErrorValidations" finished-at="2025-01-12T18:50:27 IST" duration-ms="24319">
      <class name="ravinduheshan99.tests.ErrorValidations">
        <test-method is-config="true" signature="launchApplication()[pri:0, instance:ravinduheshan99.tests.ErrorValidations@4d0d9fe7]" started-at="2025-01-12T18:50:03 IST" name="launchApplication" finished-at="2025-01-12T18:50:24 IST" duration-ms="20834" status="PASS">
          <reporter-output>
          </reporter-output>
        </test-method> <!-- launchApplication -->
        <test-method signature="LoginErrorValidation()[pri:0, instance:ravinduheshan99.tests.ErrorValidations@4d0d9fe7]" started-at="2025-01-12T18:50:24 IST" name="LoginErrorValidation" finished-at="2025-01-12T18:50:27 IST" duration-ms="2848" status="PASS">
          <reporter-output>
          </reporter-output>
        </test-method> <!-- LoginErrorValidation -->
        <test-method is-config="true" signature="tearDown()[pri:0, instance:ravinduheshan99.tests.ErrorValidations@4d0d9fe7]" started-at="2025-01-12T18:50:27 IST" name="tearDown" finished-at="2025-01-12T18:50:27 IST" duration-ms="428" status="PASS">
          <reporter-output>
          </reporter-output>
        </test-method> <!-- tearDown -->
      </class> <!-- ravinduheshan99.tests.ErrorValidations -->
    </test> <!-- ErrorValidations -->
  </suite> <!-- Suite -->
</testng-results>
