<?xml version="1.0" encoding="UTF-8"?>
<testng-results ignored="0" total="1" passed="1" failed="0" skipped="0">
  <reporter-output>
  </reporter-output>
  <suite started-at="2025-01-12T15:46:53 IST" name="Default suite" finished-at="2025-01-12T15:47:23 IST" duration-ms="30639">
    <groups>
    </groups>
    <test started-at="2025-01-12T15:46:53 IST" name="Default test" finished-at="2025-01-12T15:47:23 IST" duration-ms="30639">
      <class name="ravinduheshan99.tests.StandAloneTestModified">
        <test-method signature="placeOrder()[pri:0, instance:ravinduheshan99.tests.StandAloneTestModified@740cae06]" started-at="2025-01-12T15:46:53 IST" name="placeOrder" finished-at="2025-01-12T15:47:23 IST" duration-ms="30345" status="PASS">
          <reporter-output>
          </reporter-output>
        </test-method> <!-- placeOrder -->
      </class> <!-- ravinduheshan99.tests.StandAloneTestModified -->
    </test> <!-- Default test -->
  </suite> <!-- Default suite -->
</testng-results>
