<?xml version="1.0" encoding="UTF-8"?>
<testng-results ignored="0" total="3" passed="3" failed="0" skipped="0">
  <reporter-output>
  </reporter-output>
  <suite started-at="2025-04-20T17:03:09 IST" name="Default suite" finished-at="2025-04-20T17:03:48 IST" duration-ms="39132">
    <groups>
      <group name="Purchase">
        <method signature="StandAloneTestModified.placeOrder(java.util.HashMap)[pri:0, instance:ravinduheshan99.tests.StandAloneTestModified@5b12b668]" name="placeOrder" class="ravinduheshan99.tests.StandAloneTestModified"/>
      </group> <!-- Purchase -->
    </groups>
    <test started-at="2025-04-20T17:03:09 IST" name="Default test" finished-at="2025-04-20T17:03:48 IST" duration-ms="39132">
      <class name="ravinduheshan99.tests.StandAloneTestModified">
        <test-method is-config="true" signature="launchApplication()[pri:0, instance:ravinduheshan99.tests.StandAloneTestModified@5b12b668]" started-at="2025-04-20T17:03:09 IST" name="launchApplication" finished-at="2025-04-20T17:03:24 IST" duration-ms="14916" status="PASS">
          <reporter-output>
          </reporter-output>
        </test-method> <!-- launchApplication -->
        <test-method signature="placeOrder(java.util.HashMap)[pri:0, instance:ravinduheshan99.tests.StandAloneTestModified@5b12b668]" started-at="2025-04-20T17:03:24 IST" name="placeOrder" data-provider="getData" finished-at="2025-04-20T17:03:31 IST" duration-ms="6414" status="PASS">
          <params>
            <param index="0">
              <value>
                <![CDATA[{password=test@123, email=test@gmail.com, productName=ADIDAS ORIGINAL}]]>
              </value>
            </param>
          </params>
          <reporter-output>
          </reporter-output>
        </test-method> <!-- placeOrder -->
        <test-method is-config="true" signature="tearDown()[pri:0, instance:ravinduheshan99.tests.StandAloneTestModified@5b12b668]" started-at="2025-04-20T17:03:31 IST" name="tearDown" finished-at="2025-04-20T17:03:31 IST" duration-ms="386" status="PASS">
          <reporter-output>
          </reporter-output>
        </test-method> <!-- tearDown -->
        <test-method is-config="true" signature="launchApplication()[pri:0, instance:ravinduheshan99.tests.StandAloneTestModified@5b12b668]" started-at="2025-04-20T17:03:31 IST" name="launchApplication" finished-at="2025-04-20T17:03:36 IST" duration-ms="4803" status="PASS">
          <reporter-output>
          </reporter-output>
        </test-method> <!-- launchApplication -->
        <test-method signature="placeOrder(java.util.HashMap)[pri:0, instance:ravinduheshan99.tests.StandAloneTestModified@5b12b668]" started-at="2025-04-20T17:03:36 IST" name="placeOrder" data-provider="getData" finished-at="2025-04-20T17:03:41 IST" duration-ms="4876" status="PASS">
          <params>
            <param index="0">
              <value>
                <![CDATA[{password=Raviya@123, email=raviya@gmail.com, productName=IPHONE 13 PRO}]]>
              </value>
            </param>
          </params>
          <reporter-output>
          </reporter-output>
        </test-method> <!-- placeOrder -->
        <test-method is-config="true" signature="tearDown()[pri:0, instance:ravinduheshan99.tests.StandAloneTestModified@5b12b668]" started-at="2025-04-20T17:03:41 IST" name="tearDown" finished-at="2025-04-20T17:03:41 IST" duration-ms="634" status="PASS">
          <reporter-output>
          </reporter-output>
        </test-method> <!-- tearDown -->
        <test-method is-config="true" signature="launchApplication()[pri:0, instance:ravinduheshan99.tests.StandAloneTestModified@5b12b668]" started-at="2025-04-20T17:03:41 IST" name="launchApplication" finished-at="2025-04-20T17:03:44 IST" duration-ms="2616" status="PASS">
          <reporter-output>
          </reporter-output>
        </test-method> <!-- launchApplication -->
        <test-method signature="OrderHistoryTest()[pri:0, instance:ravinduheshan99.tests.StandAloneTestModified@5b12b668]" started-at="2025-04-20T17:03:44 IST" name="OrderHistoryTest" finished-at="2025-04-20T17:03:47 IST" depends-on-methods="ravinduheshan99.tests.StandAloneTestModified.placeOrder" duration-ms="3531" status="PASS">
          <reporter-output>
          </reporter-output>
        </test-method> <!-- OrderHistoryTest -->
        <test-method is-config="true" signature="tearDown()[pri:0, instance:ravinduheshan99.tests.StandAloneTestModified@5b12b668]" started-at="2025-04-20T17:03:47 IST" name="tearDown" finished-at="2025-04-20T17:03:48 IST" duration-ms="290" status="PASS">
          <reporter-output>
          </reporter-output>
        </test-method> <!-- tearDown -->
      </class> <!-- ravinduheshan99.tests.StandAloneTestModified -->
    </test> <!-- Default test -->
  </suite> <!-- Default suite -->
</testng-results>
