<?xml version="1.0" encoding="UTF-8"?>
<testng-results ignored="0" total="2" passed="2" failed="0" skipped="0">
  <reporter-output>
  </reporter-output>
  <suite started-at="2025-01-12T23:30:20 IST" name="Suite" finished-at="2025-01-12T23:31:28 IST" duration-ms="68518">
    <groups>
      <group name="Purchase">
        <method signature="StandAloneTestModified.placeOrder(java.util.HashMap)[pri:0, instance:ravinduheshan99.tests.StandAloneTestModified@4be29ed9]" name="placeOrder" class="ravinduheshan99.tests.StandAloneTestModified"/>
      </group> <!-- Purchase -->
    </groups>
    <test started-at="2025-01-12T23:30:20 IST" name="ErrorValidations" finished-at="2025-01-12T23:30:20 IST" duration-ms="59">
    </test> <!-- ErrorValidations -->
    <test started-at="2025-01-12T23:30:20 IST" name="StandAloneTestModified" finished-at="2025-01-12T23:31:28 IST" duration-ms="68518">
      <class name="ravinduheshan99.tests.StandAloneTestModified">
        <test-method is-config="true" signature="launchApplication()[pri:0, instance:ravinduheshan99.tests.StandAloneTestModified@4be29ed9]" started-at="2025-01-12T23:30:21 IST" name="launchApplication" finished-at="2025-01-12T23:30:51 IST" duration-ms="29804" status="PASS">
          <reporter-output>
          </reporter-output>
        </test-method> <!-- launchApplication -->
        <test-method signature="placeOrder(java.util.HashMap)[pri:0, instance:ravinduheshan99.tests.StandAloneTestModified@4be29ed9]" started-at="2025-01-12T23:30:51 IST" name="placeOrder" data-provider="getData" finished-at="2025-01-12T23:31:04 IST" duration-ms="13216" status="PASS">
          <params>
            <param index="0">
              <value>
                <![CDATA[{password=test@123, email=test@gmail.com, productName=ADIDAS ORIGINAL}]]>
              </value>
            </param>
          </params>
          <reporter-output>
          </reporter-output>
        </test-method> <!-- placeOrder -->
        <test-method is-config="true" signature="tearDown()[pri:0, instance:ravinduheshan99.tests.StandAloneTestModified@4be29ed9]" started-at="2025-01-12T23:31:04 IST" name="tearDown" finished-at="2025-01-12T23:31:05 IST" duration-ms="1701" status="PASS">
          <reporter-output>
          </reporter-output>
        </test-method> <!-- tearDown -->
        <test-method is-config="true" signature="launchApplication()[pri:0, instance:ravinduheshan99.tests.StandAloneTestModified@4be29ed9]" started-at="2025-01-12T23:31:05 IST" name="launchApplication" finished-at="2025-01-12T23:31:21 IST" duration-ms="15155" status="PASS">
          <reporter-output>
          </reporter-output>
        </test-method> <!-- launchApplication -->
        <test-method signature="placeOrder(java.util.HashMap)[pri:0, instance:ravinduheshan99.tests.StandAloneTestModified@4be29ed9]" started-at="2025-01-12T23:31:21 IST" name="placeOrder" data-provider="getData" finished-at="2025-01-12T23:31:28 IST" duration-ms="7056" status="PASS">
          <params>
            <param index="0">
              <value>
                <![CDATA[{password=Raviya@123, email=raviya@gmail.com, productName=IPHONE 13 PRO}]]>
              </value>
            </param>
          </params>
          <reporter-output>
          </reporter-output>
        </test-method> <!-- placeOrder -->
        <test-method is-config="true" signature="tearDown()[pri:0, instance:ravinduheshan99.tests.StandAloneTestModified@4be29ed9]" started-at="2025-01-12T23:31:28 IST" name="tearDown" finished-at="2025-01-12T23:31:28 IST" duration-ms="444" status="PASS">
          <reporter-output>
          </reporter-output>
        </test-method> <!-- tearDown -->
      </class> <!-- ravinduheshan99.tests.StandAloneTestModified -->
    </test> <!-- StandAloneTestModified -->
  </suite> <!-- Suite -->
</testng-results>
