<?xml version="1.0" encoding="UTF-8"?>
<testng-results ignored="0" total="2" passed="2" failed="0" skipped="0">
  <reporter-output>
  </reporter-output>
  <suite started-at="2025-01-12T22:16:18 IST" name="Suite" finished-at="2025-01-12T22:17:09 IST" duration-ms="50997">
    <groups>
      <group name="Purchase">
        <method signature="StandAloneTestModified.placeOrder(java.util.HashMap)[pri:0, instance:ravinduheshan99.tests.StandAloneTestModified@795509d9]" name="placeOrder" class="ravinduheshan99.tests.StandAloneTestModified"/>
      </group> <!-- Purchase -->
    </groups>
    <test started-at="2025-01-12T22:16:18 IST" name="ErrorValidations" finished-at="2025-01-12T22:16:18 IST" duration-ms="22">
    </test> <!-- ErrorValidations -->
    <test started-at="2025-01-12T22:16:18 IST" name="StandAloneTestModified" finished-at="2025-01-12T22:17:09 IST" duration-ms="50997">
      <class name="ravinduheshan99.tests.StandAloneTestModified">
        <test-method is-config="true" signature="launchApplication()[pri:0, instance:ravinduheshan99.tests.StandAloneTestModified@795509d9]" started-at="2025-01-12T22:16:18 IST" name="launchApplication" finished-at="2025-01-12T22:16:43 IST" duration-ms="25083" status="PASS">
          <reporter-output>
          </reporter-output>
        </test-method> <!-- launchApplication -->
        <test-method signature="placeOrder(java.util.HashMap)[pri:0, instance:ravinduheshan99.tests.StandAloneTestModified@795509d9]" started-at="2025-01-12T22:16:43 IST" name="placeOrder" data-provider="getData" finished-at="2025-01-12T22:16:52 IST" duration-ms="9313" status="PASS">
          <params>
            <param index="0">
              <value>
                <![CDATA[{password=test@123, email=test@gmail.com, productName=ADIDAS ORIGINAL}]]>
              </value>
            </param>
          </params>
          <reporter-output>
          </reporter-output>
        </test-method> <!-- placeOrder -->
        <test-method is-config="true" signature="tearDown()[pri:0, instance:ravinduheshan99.tests.StandAloneTestModified@795509d9]" started-at="2025-01-12T22:16:52 IST" name="tearDown" finished-at="2025-01-12T22:16:53 IST" duration-ms="827" status="PASS">
          <reporter-output>
          </reporter-output>
        </test-method> <!-- tearDown -->
        <test-method is-config="true" signature="launchApplication()[pri:0, instance:ravinduheshan99.tests.StandAloneTestModified@795509d9]" started-at="2025-01-12T22:16:53 IST" name="launchApplication" finished-at="2025-01-12T22:17:03 IST" duration-ms="9360" status="PASS">
          <reporter-output>
          </reporter-output>
        </test-method> <!-- launchApplication -->
        <test-method signature="placeOrder(java.util.HashMap)[pri:0, instance:ravinduheshan99.tests.StandAloneTestModified@795509d9]" started-at="2025-01-12T22:17:03 IST" name="placeOrder" data-provider="getData" finished-at="2025-01-12T22:17:08 IST" duration-ms="5683" status="PASS">
          <params>
            <param index="0">
              <value>
                <![CDATA[{password=Raviya@123, email=raviya@gmail.com, productName=IPHONE 13 PRO}]]>
              </value>
            </param>
          </params>
          <reporter-output>
          </reporter-output>
        </test-method> <!-- placeOrder -->
        <test-method is-config="true" signature="tearDown()[pri:0, instance:ravinduheshan99.tests.StandAloneTestModified@795509d9]" started-at="2025-01-12T22:17:08 IST" name="tearDown" finished-at="2025-01-12T22:17:09 IST" duration-ms="480" status="PASS">
          <reporter-output>
          </reporter-output>
        </test-method> <!-- tearDown -->
      </class> <!-- ravinduheshan99.tests.StandAloneTestModified -->
    </test> <!-- StandAloneTestModified -->
  </suite> <!-- Suite -->
</testng-results>
