<?xml version="1.0" encoding="UTF-8"?>
<testng-results ignored="0" total="3" passed="3" failed="0" skipped="0">
  <reporter-output>
  </reporter-output>
  <suite started-at="2025-04-20T17:54:06 IST" name="Default suite" finished-at="2025-04-20T17:54:38 IST" duration-ms="32455">
    <groups>
      <group name="Purchase">
        <method signature="StandAloneTestModified.placeOrder(java.util.HashMap)[pri:0, instance:ravinduheshan99.tests.StandAloneTestModified@5b12b668]" name="placeOrder" class="ravinduheshan99.tests.StandAloneTestModified"/>
      </group> <!-- Purchase -->
    </groups>
    <test started-at="2025-04-20T17:54:06 IST" name="Default test" finished-at="2025-04-20T17:54:38 IST" duration-ms="32455">
      <class name="ravinduheshan99.tests.StandAloneTestModified">
        <test-method is-config="true" signature="launchApplication()[pri:0, instance:ravinduheshan99.tests.StandAloneTestModified@5b12b668]" started-at="2025-04-20T17:54:06 IST" name="launchApplication" finished-at="2025-04-20T17:54:15 IST" duration-ms="8521" status="PASS">
          <reporter-output>
          </reporter-output>
        </test-method> <!-- launchApplication -->
        <test-method signature="placeOrder(java.util.HashMap)[pri:0, instance:ravinduheshan99.tests.StandAloneTestModified@5b12b668]" started-at="2025-04-20T17:54:15 IST" name="placeOrder" data-provider="getData" finished-at="2025-04-20T17:54:20 IST" duration-ms="5105" status="PASS">
          <params>
            <param index="0">
              <value>
                <![CDATA[{password=test@123, email=test@gmail.com, productName=ADIDAS ORIGINAL}]]>
              </value>
            </param>
          </params>
          <reporter-output>
          </reporter-output>
        </test-method> <!-- placeOrder -->
        <test-method is-config="true" signature="tearDown()[pri:0, instance:ravinduheshan99.tests.StandAloneTestModified@5b12b668]" started-at="2025-04-20T17:54:20 IST" name="tearDown" finished-at="2025-04-20T17:54:20 IST" duration-ms="444" status="PASS">
          <reporter-output>
          </reporter-output>
        </test-method> <!-- tearDown -->
        <test-method is-config="true" signature="launchApplication()[pri:0, instance:ravinduheshan99.tests.StandAloneTestModified@5b12b668]" started-at="2025-04-20T17:54:20 IST" name="launchApplication" finished-at="2025-04-20T17:54:26 IST" duration-ms="5195" status="PASS">
          <reporter-output>
          </reporter-output>
        </test-method> <!-- launchApplication -->
        <test-method signature="placeOrder(java.util.HashMap)[pri:0, instance:ravinduheshan99.tests.StandAloneTestModified@5b12b668]" started-at="2025-04-20T17:54:26 IST" name="placeOrder" data-provider="getData" finished-at="2025-04-20T17:54:30 IST" duration-ms="4793" status="PASS">
          <params>
            <param index="0">
              <value>
                <![CDATA[{password=Raviya@123, email=raviya@gmail.com, productName=IPHONE 13 PRO}]]>
              </value>
            </param>
          </params>
          <reporter-output>
          </reporter-output>
        </test-method> <!-- placeOrder -->
        <test-method is-config="true" signature="tearDown()[pri:0, instance:ravinduheshan99.tests.StandAloneTestModified@5b12b668]" started-at="2025-04-20T17:54:30 IST" name="tearDown" finished-at="2025-04-20T17:54:31 IST" duration-ms="341" status="PASS">
          <reporter-output>
          </reporter-output>
        </test-method> <!-- tearDown -->
        <test-method is-config="true" signature="launchApplication()[pri:0, instance:ravinduheshan99.tests.StandAloneTestModified@5b12b668]" started-at="2025-04-20T17:54:31 IST" name="launchApplication" finished-at="2025-04-20T17:54:37 IST" duration-ms="5860" status="PASS">
          <reporter-output>
          </reporter-output>
        </test-method> <!-- launchApplication -->
        <test-method signature="OrderHistoryTest()[pri:0, instance:ravinduheshan99.tests.StandAloneTestModified@5b12b668]" started-at="2025-04-20T17:54:37 IST" name="OrderHistoryTest" finished-at="2025-04-20T17:54:38 IST" depends-on-methods="ravinduheshan99.tests.StandAloneTestModified.placeOrder" duration-ms="1183" status="PASS">
          <reporter-output>
          </reporter-output>
        </test-method> <!-- OrderHistoryTest -->
        <test-method is-config="true" signature="tearDown()[pri:0, instance:ravinduheshan99.tests.StandAloneTestModified@5b12b668]" started-at="2025-04-20T17:54:38 IST" name="tearDown" finished-at="2025-04-20T17:54:38 IST" duration-ms="410" status="PASS">
          <reporter-output>
          </reporter-output>
        </test-method> <!-- tearDown -->
      </class> <!-- ravinduheshan99.tests.StandAloneTestModified -->
    </test> <!-- Default test -->
  </suite> <!-- Default suite -->
</testng-results>
