<?xml version="1.0" encoding="UTF-8"?>
<testng-results ignored="0" total="1" passed="1" failed="0" skipped="0">
  <reporter-output>
  </reporter-output>
  <suite started-at="2025-03-23T02:02:44 IST" name="Default suite" finished-at="2025-03-23T02:03:01 IST" duration-ms="16883">
    <groups>
      <group name="cucumber">
        <method signature="AbstractTestNGCucumberTests.runScenario(io.cucumber.testng.PickleWrapper,io.cucumber.testng.FeatureWrapper)[pri:0, instance:cucumber.TestNGTestRunner@1ce24091]" name="runScenario" class="io.cucumber.testng.AbstractTestNGCucumberTests"/>
      </group> <!-- cucumber -->
    </groups>
    <test started-at="2025-03-23T02:02:44 IST" name="Default test" finished-at="2025-03-23T02:03:01 IST" duration-ms="16883">
      <class name="cucumber.TestNGTestRunner">
        <test-method is-config="true" signature="setUpClass(org.testng.ITestContext)[pri:0, instance:cucumber.TestNGTestRunner@1ce24091]" started-at="2025-03-23T02:02:44 IST" name="setUpClass" finished-at="2025-03-23T02:02:45 IST" duration-ms="1356" status="PASS">
          <params>
            <param index="0">
              <value>
                <![CDATA[org.testng.TestRunner@3c98781a]]>
              </value>
            </param>
          </params>
          <reporter-output>
          </reporter-output>
        </test-method> <!-- setUpClass -->
        <test-method signature="runScenario(io.cucumber.testng.PickleWrapper,io.cucumber.testng.FeatureWrapper)[pri:0, instance:cucumber.TestNGTestRunner@1ce24091]" started-at="2025-03-23T02:02:45 IST" name="runScenario" description="Runs Cucumber Scenarios" data-provider="scenarios" finished-at="2025-03-23T02:03:01 IST" duration-ms="15388" status="PASS">
          <params>
            <param index="0">
              <value>
                <![CDATA["Positive Test of Submitting the order"]]>
              </value>
            </param>
            <param index="1">
              <value>
                <![CDATA["Purchase the Order from Ecommerce Website"]]>
              </value>
            </param>
          </params>
          <reporter-output>
          </reporter-output>
        </test-method> <!-- runScenario -->
        <test-method is-config="true" signature="tearDownClass()[pri:0, instance:cucumber.TestNGTestRunner@1ce24091]" started-at="2025-03-23T02:03:01 IST" name="tearDownClass" finished-at="2025-03-23T02:03:01 IST" duration-ms="54" status="PASS">
          <reporter-output>
          </reporter-output>
        </test-method> <!-- tearDownClass -->
      </class> <!-- cucumber.TestNGTestRunner -->
    </test> <!-- Default test -->
  </suite> <!-- Default suite -->
</testng-results>
