<?xml version="1.0" encoding="UTF-8"?>
<testng-results ignored="0" total="1" passed="1" failed="0" skipped="0">
  <reporter-output>
  </reporter-output>
  <suite started-at="2025-01-12T16:20:55 IST" name="Default suite" finished-at="2025-01-12T16:21:19 IST" duration-ms="24015">
    <groups>
    </groups>
    <test started-at="2025-01-12T16:20:55 IST" name="Default test" finished-at="2025-01-12T16:21:19 IST" duration-ms="24015">
      <class name="ravinduheshan99.tests.ErrorValidations">
        <test-method is-config="true" signature="launchApplication()[pri:0, instance:ravinduheshan99.tests.ErrorValidations@5b1669c0]" started-at="2025-01-12T16:20:56 IST" name="launchApplication" finished-at="2025-01-12T16:21:18 IST" duration-ms="22017" status="PASS">
          <reporter-output>
          </reporter-output>
        </test-method> <!-- launchApplication -->
        <test-method signature="placeOrder()[pri:0, instance:ravinduheshan99.tests.ErrorValidations@5b1669c0]" started-at="2025-01-12T16:21:18 IST" name="placeOrder" finished-at="2025-01-12T16:21:19 IST" duration-ms="1351" status="PASS">
          <reporter-output>
          </reporter-output>
        </test-method> <!-- placeOrder -->
        <test-method is-config="true" signature="tearDown()[pri:0, instance:ravinduheshan99.tests.ErrorValidations@5b1669c0]" started-at="2025-01-12T16:21:19 IST" name="tearDown" finished-at="2025-01-12T16:21:19 IST" duration-ms="426" status="PASS">
          <reporter-output>
          </reporter-output>
        </test-method> <!-- tearDown -->
      </class> <!-- ravinduheshan99.tests.ErrorValidations -->
    </test> <!-- Default test -->
  </suite> <!-- Default suite -->
</testng-results>
