<?xml version="1.0" encoding="UTF-8"?>
<testng-results ignored="0" total="2" passed="2" failed="0" skipped="0">
  <reporter-output>
  </reporter-output>
  <suite started-at="2025-01-12T19:08:19 IST" name="Suite" finished-at="2025-01-12T19:09:14 IST" duration-ms="54653">
    <groups>
      <group name="Purchase">
        <method signature="StandAloneTestModified.placeOrder(java.lang.String,java.lang.String,java.lang.String)[pri:0, instance:ravinduheshan99.tests.StandAloneTestModified@795509d9]" name="placeOrder" class="ravinduheshan99.tests.StandAloneTestModified"/>
      </group> <!-- Purchase -->
    </groups>
    <test started-at="2025-01-12T19:08:19 IST" name="ErrorValidations" finished-at="2025-01-12T19:08:19 IST" duration-ms="33">
    </test> <!-- ErrorValidations -->
    <test started-at="2025-01-12T19:08:19 IST" name="StandAloneTestModified" finished-at="2025-01-12T19:09:14 IST" duration-ms="54653">
      <class name="ravinduheshan99.tests.StandAloneTestModified">
        <test-method is-config="true" signature="launchApplication()[pri:0, instance:ravinduheshan99.tests.StandAloneTestModified@795509d9]" started-at="2025-01-12T19:08:19 IST" name="launchApplication" finished-at="2025-01-12T19:08:40 IST" duration-ms="20837" status="PASS">
          <reporter-output>
          </reporter-output>
        </test-method> <!-- launchApplication -->
        <test-method signature="placeOrder(java.lang.String,java.lang.String,java.lang.String)[pri:0, instance:ravinduheshan99.tests.StandAloneTestModified@795509d9]" started-at="2025-01-12T19:08:40 IST" name="placeOrder" data-provider="getData" finished-at="2025-01-12T19:08:51 IST" duration-ms="11275" status="PASS">
          <params>
            <param index="0">
              <value>
                <![CDATA[test@gmail.com]]>
              </value>
            </param>
            <param index="1">
              <value>
                <![CDATA[test@123]]>
              </value>
            </param>
            <param index="2">
              <value>
                <![CDATA[ADIDAS ORIGINAL]]>
              </value>
            </param>
          </params>
          <reporter-output>
          </reporter-output>
        </test-method> <!-- placeOrder -->
        <test-method is-config="true" signature="tearDown()[pri:0, instance:ravinduheshan99.tests.StandAloneTestModified@795509d9]" started-at="2025-01-12T19:08:52 IST" name="tearDown" finished-at="2025-01-12T19:08:52 IST" duration-ms="831" status="PASS">
          <reporter-output>
          </reporter-output>
        </test-method> <!-- tearDown -->
        <test-method is-config="true" signature="launchApplication()[pri:0, instance:ravinduheshan99.tests.StandAloneTestModified@795509d9]" started-at="2025-01-12T19:08:52 IST" name="launchApplication" finished-at="2025-01-12T19:09:04 IST" duration-ms="11476" status="PASS">
          <reporter-output>
          </reporter-output>
        </test-method> <!-- launchApplication -->
        <test-method signature="placeOrder(java.lang.String,java.lang.String,java.lang.String)[pri:0, instance:ravinduheshan99.tests.StandAloneTestModified@795509d9]" started-at="2025-01-12T19:09:04 IST" name="placeOrder" data-provider="getData" finished-at="2025-01-12T19:09:12 IST" duration-ms="8284" status="PASS">
          <params>
            <param index="0">
              <value>
                <![CDATA[ raviya@gmail.com]]>
              </value>
            </param>
            <param index="1">
              <value>
                <![CDATA[Raviya@123]]>
              </value>
            </param>
            <param index="2">
              <value>
                <![CDATA[IPHONE 13 PRO]]>
              </value>
            </param>
          </params>
          <reporter-output>
          </reporter-output>
        </test-method> <!-- placeOrder -->
        <test-method is-config="true" signature="tearDown()[pri:0, instance:ravinduheshan99.tests.StandAloneTestModified@795509d9]" started-at="2025-01-12T19:09:12 IST" name="tearDown" finished-at="2025-01-12T19:09:14 IST" duration-ms="1751" status="PASS">
          <reporter-output>
          </reporter-output>
        </test-method> <!-- tearDown -->
      </class> <!-- ravinduheshan99.tests.StandAloneTestModified -->
    </test> <!-- StandAloneTestModified -->
  </suite> <!-- Suite -->
</testng-results>
