<?xml version="1.0" encoding="UTF-8"?>
<testng-results ignored="0" total="3" passed="3" failed="0" skipped="0">
  <reporter-output>
  </reporter-output>
  <suite started-at="2025-01-12T17:03:17 IST" name="Suite" finished-at="2025-01-12T17:04:20 IST" duration-ms="63489">
    <groups>
    </groups>
    <test started-at="2025-01-12T17:03:17 IST" name="StandAloneTestModified" finished-at="2025-01-12T17:03:49 IST" duration-ms="32332">
      <class name="ravinduheshan99.tests.StandAloneTestModified">
        <test-method is-config="true" signature="launchApplication()[pri:0, instance:ravinduheshan99.tests.StandAloneTestModified@5b1669c0]" started-at="2025-01-12T17:03:17 IST" name="launchApplication" finished-at="2025-01-12T17:03:38 IST" duration-ms="20557" status="PASS">
          <reporter-output>
          </reporter-output>
        </test-method> <!-- launchApplication -->
        <test-method signature="placeOrder()[pri:0, instance:ravinduheshan99.tests.StandAloneTestModified@5b1669c0]" started-at="2025-01-12T17:03:38 IST" name="placeOrder" finished-at="2025-01-12T17:03:47 IST" duration-ms="9469" status="PASS">
          <reporter-output>
          </reporter-output>
        </test-method> <!-- placeOrder -->
        <test-method is-config="true" signature="tearDown()[pri:0, instance:ravinduheshan99.tests.StandAloneTestModified@5b1669c0]" started-at="2025-01-12T17:03:47 IST" name="tearDown" finished-at="2025-01-12T17:03:49 IST" duration-ms="2150" status="PASS">
          <reporter-output>
          </reporter-output>
        </test-method> <!-- tearDown -->
      </class> <!-- ravinduheshan99.tests.StandAloneTestModified -->
    </test> <!-- StandAloneTestModified -->
    <test started-at="2025-01-12T17:03:49 IST" name="ErrorValidations" finished-at="2025-01-12T17:04:20 IST" duration-ms="30996">
      <class name="ravinduheshan99.tests.ErrorValidations">
        <test-method is-config="true" signature="launchApplication()[pri:0, instance:ravinduheshan99.tests.ErrorValidations@6f10d5b6]" started-at="2025-01-12T17:03:49 IST" name="launchApplication" finished-at="2025-01-12T17:03:59 IST" duration-ms="9581" status="PASS">
          <reporter-output>
          </reporter-output>
        </test-method> <!-- launchApplication -->
        <test-method signature="LoginErrorValidation()[pri:0, instance:ravinduheshan99.tests.ErrorValidations@6f10d5b6]" started-at="2025-01-12T17:03:59 IST" name="LoginErrorValidation" finished-at="2025-01-12T17:04:01 IST" duration-ms="2001" status="PASS">
          <reporter-output>
          </reporter-output>
        </test-method> <!-- LoginErrorValidation -->
        <test-method is-config="true" signature="tearDown()[pri:0, instance:ravinduheshan99.tests.ErrorValidations@6f10d5b6]" started-at="2025-01-12T17:04:01 IST" name="tearDown" finished-at="2025-01-12T17:04:02 IST" duration-ms="889" status="PASS">
          <reporter-output>
          </reporter-output>
        </test-method> <!-- tearDown -->
        <test-method is-config="true" signature="launchApplication()[pri:0, instance:ravinduheshan99.tests.ErrorValidations@6f10d5b6]" started-at="2025-01-12T17:04:02 IST" name="launchApplication" finished-at="2025-01-12T17:04:12 IST" duration-ms="10226" status="PASS">
          <reporter-output>
          </reporter-output>
        </test-method> <!-- launchApplication -->
        <test-method signature="ProductErrorValidation()[pri:0, instance:ravinduheshan99.tests.ErrorValidations@6f10d5b6]" started-at="2025-01-12T17:04:12 IST" name="ProductErrorValidation" finished-at="2025-01-12T17:04:20 IST" duration-ms="7352" status="PASS">
          <reporter-output>
          </reporter-output>
        </test-method> <!-- ProductErrorValidation -->
        <test-method is-config="true" signature="tearDown()[pri:0, instance:ravinduheshan99.tests.ErrorValidations@6f10d5b6]" started-at="2025-01-12T17:04:20 IST" name="tearDown" finished-at="2025-01-12T17:04:20 IST" duration-ms="928" status="PASS">
          <reporter-output>
          </reporter-output>
        </test-method> <!-- tearDown -->
      </class> <!-- ravinduheshan99.tests.ErrorValidations -->
    </test> <!-- ErrorValidations -->
  </suite> <!-- Suite -->
</testng-results>
